<?xml version="1.0" encoding="UTF-8"?>
<robot generator="Robot 7.3.2 (Python 3.13.7 on win32)" generated="2025-10-31T14:44:10.555549" rpa="false" schemaversion="5">
<suite id="s1" name="caminhoFeliz" source="c:\xampp\htdocs\DailyGreen-Project\TESTS\robot\Testes_Lucas\cadastroParticipanteTest\tests\caminhoFeliz.robot">
<test id="s1-t1" name="Cadastro Participante TEST - DailyGreen" line="8">
<kw name="Abrir o navegador" owner="CFResource" type="SETUP">
<kw name="Open Browser" owner="SeleniumLibrary">
<msg time="2025-10-31T14:44:16.196052" level="INFO">Opening browser 'chrome' to base url 'http://localhost/DailyGreen-Project/SCRIPTS/PHP/MAIN-PAGE.php'.</msg>
<arg>${URL}</arg>
<arg>${BROWSER}</arg>
<doc>Opens a new browser instance to the optional ``url``.</doc>
<status status="PASS" start="2025-10-31T14:44:16.195197" elapsed="6.922685"/>
</kw>
<kw name="Maximize Browser Window" owner="SeleniumLibrary">
<doc>Maximizes current browser window.</doc>
<status status="PASS" start="2025-10-31T14:44:23.118387" elapsed="0.059436"/>
</kw>
<status status="PASS" start="2025-10-31T14:44:16.192792" elapsed="6.985443"/>
</kw>
<kw name="Acessar a página inicial do DailyGreen" owner="CFResource">
<kw name="Wait Until Element Is Visible" owner="SeleniumLibrary">
<arg>${BTN_CADASTRO}</arg>
<arg>10s</arg>
<doc>Waits until the element ``locator`` is visible.</doc>
<status status="PASS" start="2025-10-31T14:44:23.179257" elapsed="0.059903"/>
</kw>
<kw name="Capture Page Screenshot" owner="SeleniumLibrary">
<msg time="2025-10-31T14:44:24.405124" level="INFO" html="true">&lt;/td&gt;&lt;/tr&gt;&lt;tr&gt;&lt;td colspan="3"&gt;&lt;a href="selenium-screenshot-11.png"&gt;&lt;img src="selenium-screenshot-11.png" width="800px"&gt;&lt;/a&gt;</msg>
<doc>Takes a screenshot of the current page and embeds it into a log file.</doc>
<status status="PASS" start="2025-10-31T14:44:23.239576" elapsed="1.165844"/>
</kw>
<kw name="Click Element" owner="SeleniumLibrary">
<msg time="2025-10-31T14:44:24.406436" level="INFO">Clicking element 'name=btn-cadastro'.</msg>
<arg>${BTN_CADASTRO}</arg>
<doc>Click the element identified by ``locator``.</doc>
<status status="PASS" start="2025-10-31T14:44:24.405993" elapsed="0.349906"/>
</kw>
<status status="PASS" start="2025-10-31T14:44:23.178579" elapsed="1.577605"/>
</kw>
<kw name="Preencher formulário de cadastro - Parte 1" owner="CFResource">
<kw name="Wait Until Element Is Visible" owner="SeleniumLibrary">
<arg>${INPUT_NOME}</arg>
<arg>10s</arg>
<doc>Waits until the element ``locator`` is visible.</doc>
<status status="PASS" start="2025-10-31T14:44:24.757182" elapsed="0.237878"/>
</kw>
<kw name="Input Text" owner="SeleniumLibrary">
<msg time="2025-10-31T14:44:24.996031" level="INFO">Typing text 'Nome' into text field 'id=nome'.</msg>
<arg>${INPUT_NOME}</arg>
<arg>${VALUE_NOME}</arg>
<doc>Types the given ``text`` into the text field identified by ``locator``.</doc>
<status status="PASS" start="2025-10-31T14:44:24.995572" elapsed="0.389006"/>
</kw>
<kw name="Capture Page Screenshot" owner="SeleniumLibrary">
<msg time="2025-10-31T14:44:25.941518" level="INFO" html="true">&lt;/td&gt;&lt;/tr&gt;&lt;tr&gt;&lt;td colspan="3"&gt;&lt;a href="selenium-screenshot-12.png"&gt;&lt;img src="selenium-screenshot-12.png" width="800px"&gt;&lt;/a&gt;</msg>
<doc>Takes a screenshot of the current page and embeds it into a log file.</doc>
<status status="PASS" start="2025-10-31T14:44:25.385698" elapsed="0.556025"/>
</kw>
<kw name="Input Text" owner="SeleniumLibrary">
<msg time="2025-10-31T14:44:25.942809" level="INFO">Typing text 'email@gmail.com' into text field 'id=email'.</msg>
<arg>${INPUT_EMAIL}</arg>
<arg>${VALUE_EMAIL}</arg>
<doc>Types the given ``text`` into the text field identified by ``locator``.</doc>
<status status="PASS" start="2025-10-31T14:44:25.942308" elapsed="0.277227"/>
</kw>
<kw name="Capture Page Screenshot" owner="SeleniumLibrary">
<msg time="2025-10-31T14:44:26.745178" level="INFO" html="true">&lt;/td&gt;&lt;/tr&gt;&lt;tr&gt;&lt;td colspan="3"&gt;&lt;a href="selenium-screenshot-13.png"&gt;&lt;img src="selenium-screenshot-13.png" width="800px"&gt;&lt;/a&gt;</msg>
<doc>Takes a screenshot of the current page and embeds it into a log file.</doc>
<status status="PASS" start="2025-10-31T14:44:26.220353" elapsed="0.525141"/>
</kw>
<kw name="Click Element" owner="SeleniumLibrary">
<msg time="2025-10-31T14:44:26.746342" level="INFO">Clicking element 'id=radPar'.</msg>
<arg>${INPUT_RAD_PAR}</arg>
<doc>Click the element identified by ``locator``.</doc>
<status status="PASS" start="2025-10-31T14:44:26.745909" elapsed="0.223702"/>
</kw>
<kw name="Capture Page Screenshot" owner="SeleniumLibrary">
<msg time="2025-10-31T14:44:27.575884" level="INFO" html="true">&lt;/td&gt;&lt;/tr&gt;&lt;tr&gt;&lt;td colspan="3"&gt;&lt;a href="selenium-screenshot-14.png"&gt;&lt;img src="selenium-screenshot-14.png" width="800px"&gt;&lt;/a&gt;</msg>
<doc>Takes a screenshot of the current page and embeds it into a log file.</doc>
<status status="PASS" start="2025-10-31T14:44:26.970096" elapsed="0.605941"/>
</kw>
<kw name="Click Element" owner="SeleniumLibrary">
<msg time="2025-10-31T14:44:27.576726" level="INFO">Clicking element 'id=submit'.</msg>
<arg>${BTN_PROXIMO}</arg>
<doc>Click the element identified by ``locator``.</doc>
<status status="PASS" start="2025-10-31T14:44:27.576336" elapsed="0.521444"/>
</kw>
<status status="PASS" start="2025-10-31T14:44:24.756780" elapsed="3.341157"/>
</kw>
<kw name="Preencher formulário de cadastro - Parte 2" owner="CFResource">
<kw name="Absolute_path">
<msg time="2025-10-31T14:44:28.102027" level="FAIL">No keyword with name 'Absolute_path' found.</msg>
<var>${FILE_PROFILE_PIC}</var>
<arg>${FILE_PROFILE_PIC}</arg>
<status status="FAIL" start="2025-10-31T14:44:28.101786" elapsed="0.000459">No keyword with name 'Absolute_path' found.</status>
</kw>
<kw name="Wait Until Element Is Visible" owner="SeleniumLibrary">
<arg>${INPUT_FILE_PROFILE_PIC}</arg>
<arg>10s</arg>
<doc>Waits until the element ``locator`` is visible.</doc>
<status status="NOT RUN" start="2025-10-31T14:44:28.102720" elapsed="0.000073"/>
</kw>
<kw name="Capture Page Screenshot" owner="SeleniumLibrary">
<doc>Takes a screenshot of the current page and embeds it into a log file.</doc>
<status status="NOT RUN" start="2025-10-31T14:44:28.103039" elapsed="0.000031"/>
</kw>
<kw name="Choose File" owner="SeleniumLibrary">
<arg>${INPUT_FILE_PROFILE_PIC}</arg>
<arg>${FILE_PROFILE_PIC}</arg>
<doc>Inputs the ``file_path`` into the file input field ``locator``.</doc>
<status status="NOT RUN" start="2025-10-31T14:44:28.103394" elapsed="0.000036"/>
</kw>
<kw name="Capture Page Screenshot" owner="SeleniumLibrary">
<doc>Takes a screenshot of the current page and embeds it into a log file.</doc>
<status status="NOT RUN" start="2025-10-31T14:44:28.103567" elapsed="0.000028"/>
</kw>
<kw name="Select From List By Label" owner="SeleniumLibrary">
<arg>${INPUT_GENERO}</arg>
<arg>${OPTION_GENERO}</arg>
<doc>Selects options from selection list ``locator`` by ``labels``.</doc>
<status status="NOT RUN" start="2025-10-31T14:44:28.103772" elapsed="0.000050"/>
</kw>
<kw name="Capture Page Screenshot" owner="SeleniumLibrary">
<doc>Takes a screenshot of the current page and embeds it into a log file.</doc>
<status status="NOT RUN" start="2025-10-31T14:44:28.103927" elapsed="0.000028"/>
</kw>
<kw name="Click Element" owner="SeleniumLibrary">
<arg>${BTN_PROXIMO}</arg>
<doc>Click the element identified by ``locator``.</doc>
<status status="NOT RUN" start="2025-10-31T14:44:28.104114" elapsed="0.000043"/>
</kw>
<status status="FAIL" start="2025-10-31T14:44:28.098237" elapsed="0.006790">No keyword with name 'Absolute_path' found.</status>
</kw>
<kw name="Preencher formulário de cadastro - Parte 3" owner="CFResource">
<status status="NOT RUN" start="2025-10-31T14:44:28.105789" elapsed="0.000074"/>
</kw>
<kw name="Validar sucesso de cadastro" owner="CFResource">
<status status="NOT RUN" start="2025-10-31T14:44:28.106148" elapsed="0.000130"/>
</kw>
<kw name="Fechar o navegador" owner="CFResource" type="TEARDOWN">
<kw name="Run Keyword If" owner="BuiltIn">
<kw name="Capture Page Screenshot" owner="SeleniumLibrary">
<msg time="2025-10-31T14:44:28.699648" level="INFO" html="true">&lt;/td&gt;&lt;/tr&gt;&lt;tr&gt;&lt;td colspan="3"&gt;&lt;a href="selenium-screenshot-15.png"&gt;&lt;img src="selenium-screenshot-15.png" width="800px"&gt;&lt;/a&gt;</msg>
<doc>Takes a screenshot of the current page and embeds it into a log file.</doc>
<status status="PASS" start="2025-10-31T14:44:28.108623" elapsed="0.591316"/>
</kw>
<arg>'${TEST STATUS}' == 'FAIL'</arg>
<arg>Capture Page Screenshot</arg>
<doc>Runs the given keyword with the given arguments, if ``condition`` is true.</doc>
<status status="PASS" start="2025-10-31T14:44:28.107978" elapsed="0.592209"/>
</kw>
<kw name="Close Browser" owner="SeleniumLibrary">
<doc>Closes the current browser.</doc>
<status status="PASS" start="2025-10-31T14:44:28.700471" elapsed="2.321444"/>
</kw>
<status status="PASS" start="2025-10-31T14:44:28.106864" elapsed="2.915309"/>
</kw>
<doc>Esse teste tem como objetivo realizar um cadastro do tipo participante no DailyGreen</doc>
<tag>cadastro_participante</tag>
<status status="FAIL" start="2025-10-31T14:44:16.190781" elapsed="14.831523">No keyword with name 'Absolute_path' found.</status>
</test>
<status status="FAIL" start="2025-10-31T14:44:10.559995" elapsed="20.463667"/>
</suite>
<statistics>
<total>
<stat pass="0" fail="1" skip="0">All Tests</stat>
</total>
<tag>
<stat pass="0" fail="1" skip="0">cadastro_participante</stat>
</tag>
<suite>
<stat name="caminhoFeliz" id="s1" pass="0" fail="1" skip="0">caminhoFeliz</stat>
</suite>
</statistics>
<errors>
<msg time="2025-10-31T14:44:16.189218" level="ERROR">Error in file 'c:\xampp\htdocs\DailyGreen-Project\TESTS\robot\Testes_Lucas\cadastroParticipanteTest\resources\CFResource.robot' on line 4: Library '\PYTHON\utils.py' does not exist.</msg>
</errors>
</robot>
