<?xml version="1.0" encoding="UTF-8"?>
<robot generator="Robot 7.3.2 (Python 3.13.9 on win32)" generated="2025-10-31T08:03:55.002500" rpa="false" schemaversion="5">
<suite id="s1" name="DailyGreen-Project" source="C:\xampp\htdocs\DailyGreen-Project">
<suite id="s1-s1" name="TESTS" source="C:\xampp\htdocs\DailyGreen-Project\TESTS">
<suite id="s1-s1-s1" name="Robot" source="C:\xampp\htdocs\DailyGreen-Project\TESTS\robot">
<suite id="s1-s1-s1-s1" name="Tests Flavia" source="C:\xampp\htdocs\DailyGreen-Project\TESTS\robot\Tests_Flavia">
<suite id="s1-s1-s1-s1-s1" name="cadastroAdm" source="C:\xampp\htdocs\DailyGreen-Project\TESTS\robot\Tests_Flavia\cadastroAdm">
<suite id="s1-s1-s1-s1-s1-s1" name="Tests" source="C:\xampp\htdocs\DailyGreen-Project\TESTS\robot\Tests_Flavia\cadastroAdm\tests">
<suite id="s1-s1-s1-s1-s1-s1-s1" name="cadastroAdm" source="C:\xampp\htdocs\DailyGreen-Project\TESTS\robot\Tests_Flavia\cadastroAdm\tests\cadastroAdm.robot">
<test id="s1-s1-s1-s1-s1-s1-s1-t1" name="Cadastro Administrador" line="6">
<kw name="Abrir Site Login Adm" owner="keywords">
<kw name="Open Browser" owner="SeleniumLibrary">
<msg time="2025-10-31T08:03:55.404501" level="INFO">Opening browser 'chrome' to base url 'http://localhost/DailyGreen-Project/SCRIPTS/PHP/admCreation.php'.</msg>
<arg>${URL}</arg>
<arg>${BROWSER}</arg>
<doc>Opens a new browser instance to the optional ``url``.</doc>
<status status="PASS" start="2025-10-31T08:03:55.403895" elapsed="2.386939"/>
</kw>
<kw name="Maximize Browser Window" owner="SeleniumLibrary">
<doc>Maximizes current browser window.</doc>
<status status="PASS" start="2025-10-31T08:03:57.791800" elapsed="0.076919"/>
</kw>
<doc>Abre o site DailyGreen no link do perfil do Administrador</doc>
<status status="PASS" start="2025-10-31T08:03:55.401757" elapsed="2.467638"/>
</kw>
<kw name="Cadastrar Administrador" owner="keywords">
<kw name="Input Text" owner="SeleniumLibrary">
<msg time="2025-10-31T08:03:57.874225" level="INFO">Typing text 'mario@gmail.com' into text field 'name=email'.</msg>
<arg>${CAMPO_EMAIL}</arg>
<arg>${email}</arg>
<doc>Types the given ``text`` into the text field identified by ``locator``.</doc>
<status status="PASS" start="2025-10-31T08:03:57.872940" elapsed="0.585284"/>
</kw>
<kw name="Input Password" owner="SeleniumLibrary">
<msg time="2025-10-31T08:03:58.462341" level="INFO">Typing password into text field 'name=password'.</msg>
<msg time="2025-10-31T08:03:58.592549" level="INFO">Temporally setting log level to: NONE</msg>
<arg>${CAMPO_SENHA}</arg>
<arg>${senha}</arg>
<doc>Types the given password into the text field identified by ``locator``.</doc>
<status status="PASS" start="2025-10-31T08:03:58.459274" elapsed="0.468424"/>
</kw>
<kw name="Input Password" owner="SeleniumLibrary">
<msg time="2025-10-31T08:03:58.931113" level="INFO">Typing password into text field 'id=input_confirmacao_password'.</msg>
<msg time="2025-10-31T08:03:59.086977" level="INFO">Temporally setting log level to: NONE</msg>
<arg>${CAMPO_CONFIRMAR_SENHA}</arg>
<arg>${confirmacao_senha}</arg>
<doc>Types the given password into the text field identified by ``locator``.</doc>
<status status="PASS" start="2025-10-31T08:03:58.928832" elapsed="0.442283"/>
</kw>
<kw name="Click Button" owner="SeleniumLibrary">
<msg time="2025-10-31T08:03:59.374494" level="INFO">Clicking button 'name=btn_cadastrar_adm'.</msg>
<arg>${BOTAO_CADASTRAR}</arg>
<doc>Clicks the button identified by ``locator``.</doc>
<status status="PASS" start="2025-10-31T08:03:59.372565" elapsed="0.514302"/>
</kw>
<kw name="Wait Until Page Contains Element" owner="SeleniumLibrary">
<arg>//h2[normalize-space()='LOGIN']</arg>
<arg>timeout=2s</arg>
<doc>Waits until the element ``locator`` appears on the current page.</doc>
<status status="PASS" start="2025-10-31T08:03:59.888327" elapsed="0.088941"/>
</kw>
<arg>${EMAIL_VALIDO}</arg>
<arg>${SENHA}</arg>
<arg>${SENHA_CONFIRMADA}</arg>
<doc>Cadastra um email válido, cadastra uma senha, e insere a mesma senha cadastrada para confirmação da senha. E verifica se redirecionou para a página de Login, analisando se existe o elemento 'H2' com o texto 'LOGIN'.</doc>
<status status="PASS" start="2025-10-31T08:03:57.870928" elapsed="2.107350"/>
</kw>
<kw name="Fechar Navegador" owner="keywords">
<kw name="Sleep" owner="BuiltIn">
<msg time="2025-10-31T08:04:04.984773" level="INFO">Slept 5 seconds.</msg>
<arg>5</arg>
<doc>Pauses the test executed for the given time.</doc>
<status status="PASS" start="2025-10-31T08:03:59.983057" elapsed="5.003195"/>
</kw>
<kw name="Close Browser" owner="SeleniumLibrary">
<doc>Closes the current browser.</doc>
<status status="PASS" start="2025-10-31T08:04:04.987294" elapsed="2.598750"/>
</kw>
<doc>Espera 5 minutos e fecha o navegador</doc>
<status status="PASS" start="2025-10-31T08:03:59.980656" elapsed="7.606434"/>
</kw>
<status status="PASS" start="2025-10-31T08:03:55.395645" elapsed="12.192478"/>
</test>
<status status="PASS" start="2025-10-31T08:03:55.122821" elapsed="12.479014"/>
</suite>
<status status="PASS" start="2025-10-31T08:03:55.114987" elapsed="12.500891"/>
</suite>
<status status="PASS" start="2025-10-31T08:03:55.098995" elapsed="12.542327"/>
</suite>
<status status="PASS" start="2025-10-31T08:03:55.080280" elapsed="12.605757"/>
</suite>
<status status="PASS" start="2025-10-31T08:03:55.074110" elapsed="12.683112"/>
</suite>
<status status="PASS" start="2025-10-31T08:03:55.059480" elapsed="12.714866"/>
</suite>
<status status="PASS" start="2025-10-31T08:03:55.025520" elapsed="12.789533"/>
</suite>
<statistics>
<total>
<stat pass="1" fail="0" skip="0">All Tests</stat>
</total>
<tag>
</tag>
<suite>
<stat name="DailyGreen-Project" id="s1" pass="1" fail="0" skip="0">DailyGreen-Project</stat>
<stat name="TESTS" id="s1-s1" pass="1" fail="0" skip="0">DailyGreen-Project.TESTS</stat>
<stat name="Robot" id="s1-s1-s1" pass="1" fail="0" skip="0">DailyGreen-Project.TESTS.Robot</stat>
<stat name="Tests Flavia" id="s1-s1-s1-s1" pass="1" fail="0" skip="0">DailyGreen-Project.TESTS.Robot.Tests Flavia</stat>
<stat name="cadastroAdm" id="s1-s1-s1-s1-s1" pass="1" fail="0" skip="0">DailyGreen-Project.TESTS.Robot.Tests Flavia.cadastroAdm</stat>
<stat name="Tests" id="s1-s1-s1-s1-s1-s1" pass="1" fail="0" skip="0">DailyGreen-Project.TESTS.Robot.Tests Flavia.cadastroAdm.Tests</stat>
<stat name="cadastroAdm" id="s1-s1-s1-s1-s1-s1-s1" pass="1" fail="0" skip="0">DailyGreen-Project.TESTS.Robot.Tests Flavia.cadastroAdm.Tests.cadastroAdm</stat>
</suite>
</statistics>
<errors>
</errors>
</robot>
