<?xml version="1.0" encoding="UTF-8"?>
<robot generator="Robot 7.3.2 (Python 3.13.9 on win32)" generated="2025-10-31T08:05:17.003565" rpa="false" schemaversion="5">
<suite id="s1" name="DailyGreen-Project" source="C:\xampp\htdocs\DailyGreen-Project">
<suite id="s1-s1" name="TESTS" source="C:\xampp\htdocs\DailyGreen-Project\TESTS">
<suite id="s1-s1-s1" name="Robot" source="C:\xampp\htdocs\DailyGreen-Project\TESTS\robot">
<suite id="s1-s1-s1-s1" name="Tests Flavia" source="C:\xampp\htdocs\DailyGreen-Project\TESTS\robot\Tests_Flavia">
<suite id="s1-s1-s1-s1-s1" name="denunciarUser" source="C:\xampp\htdocs\DailyGreen-Project\TESTS\robot\Tests_Flavia\denunciarUser">
<suite id="s1-s1-s1-s1-s1-s1" name="Tests" source="C:\xampp\htdocs\DailyGreen-Project\TESTS\robot\Tests_Flavia\denunciarUser\tests">
<suite id="s1-s1-s1-s1-s1-s1-s1" name="denunciarUser" source="C:\xampp\htdocs\DailyGreen-Project\TESTS\robot\Tests_Flavia\denunciarUser\tests\denunciarUser.robot">
<test id="s1-s1-s1-s1-s1-s1-s1-t1" name="Denunciar" line="7">
<kw name="Abrir Site na Página Principal" owner="keywords">
<kw name="Open Browser" owner="SeleniumLibrary">
<msg time="2025-10-31T08:05:17.547654" level="INFO">Opening browser 'chrome' to base url 'http://localhost/DailyGreen-Project/SCRIPTS/PHP/MAIN-PAGE.php'.</msg>
<arg>${URL}</arg>
<arg>${BROWSER}</arg>
<doc>Opens a new browser instance to the optional ``url``.</doc>
<status status="PASS" start="2025-10-31T08:05:17.545917" elapsed="2.369242"/>
</kw>
<kw name="Maximize Browser Window" owner="SeleniumLibrary">
<doc>Maximizes current browser window.</doc>
<status status="PASS" start="2025-10-31T08:05:19.916491" elapsed="0.076684"/>
</kw>
<doc>Abre o site DailyGreen na página principal</doc>
<status status="PASS" start="2025-10-31T08:05:17.542737" elapsed="2.451545"/>
</kw>
<kw name="Fazer Login Participante" owner="keywords">
<kw name="Click Link" owner="SeleniumLibrary">
<msg time="2025-10-31T08:05:20.002134" level="INFO">Clicking link 'name=btn-login'.</msg>
<arg>${BOTÃO_LOGIN}</arg>
<doc>Clicks a link identified by ``locator``.</doc>
<status status="PASS" start="2025-10-31T08:05:19.999844" elapsed="0.602160"/>
</kw>
<kw name="Input Text" owner="SeleniumLibrary">
<msg time="2025-10-31T08:05:20.605060" level="INFO">Typing text 'fernandatorres@gmail.com' into text field 'id=email'.</msg>
<arg>${CAMPO_EMAIL}</arg>
<arg>fernandatorres@gmail.com</arg>
<doc>Types the given ``text`` into the text field identified by ``locator``.</doc>
<status status="PASS" start="2025-10-31T08:05:20.602876" elapsed="0.586812"/>
</kw>
<kw name="Input Password" owner="SeleniumLibrary">
<msg time="2025-10-31T08:05:21.192999" level="INFO">Typing password into text field 'id=password'.</msg>
<msg time="2025-10-31T08:05:21.363122" level="INFO">Temporally setting log level to: NONE</msg>
<arg>${CAMPO_SENHA}</arg>
<arg>jfhjdfsjkadnfujiwbeinfjsb</arg>
<doc>Types the given password into the text field identified by ``locator``.</doc>
<status status="PASS" start="2025-10-31T08:05:21.190728" elapsed="0.494025"/>
</kw>
<kw name="Click Button" owner="SeleniumLibrary">
<msg time="2025-10-31T08:05:21.687942" level="INFO">Clicking button 'id=btn-entrar'.</msg>
<arg>${BOTAO_ENTRAR}</arg>
<doc>Clicks the button identified by ``locator``.</doc>
<status status="PASS" start="2025-10-31T08:05:21.685525" elapsed="1.129095"/>
</kw>
<doc>Faz o login como participante já cadastrado</doc>
<status status="PASS" start="2025-10-31T08:05:19.996377" elapsed="2.819587"/>
</kw>
<kw name="Denunciar Usuário" owner="keywords">
<kw name="Click Element" owner="SeleniumLibrary">
<msg time="2025-10-31T08:05:22.823106" level="INFO">Clicking element 'id=btn-user-img'.</msg>
<arg>${USER_IMG}</arg>
<doc>Click the element identified by ``locator``.</doc>
<status status="PASS" start="2025-10-31T08:05:22.821804" elapsed="0.327414"/>
</kw>
<kw name="Wait Until Element Is Visible" owner="SeleniumLibrary">
<arg>${BOTAO_DENUNCIA}</arg>
<arg>timeout=5s</arg>
<doc>Waits until the element ``locator`` is visible.</doc>
<status status="PASS" start="2025-10-31T08:05:23.150414" elapsed="0.133796"/>
</kw>
<kw name="Click Element" owner="SeleniumLibrary">
<msg time="2025-10-31T08:05:23.288272" level="INFO">Clicking element 'id=btn-denuncia'.</msg>
<arg>${BOTAO_DENUNCIA}</arg>
<doc>Click the element identified by ``locator``.</doc>
<status status="PASS" start="2025-10-31T08:05:23.285347" elapsed="0.432531"/>
</kw>
<kw name="Sleep" owner="BuiltIn">
<msg time="2025-10-31T08:05:24.221769" level="INFO">Slept 500 milliseconds.</msg>
<arg>0.5s</arg>
<doc>Pauses the test executed for the given time.</doc>
<status status="PASS" start="2025-10-31T08:05:23.719288" elapsed="0.503776"/>
</kw>
<kw name="Select From List By Value" owner="SeleniumLibrary">
<msg time="2025-10-31T08:05:24.225277" level="INFO">Selecting options from selection list 'id=titulo_opt' by value Conteudo_fora_do_tema.</msg>
<arg>${TITULO_DENUNCIA}</arg>
<arg>Conteudo_fora_do_tema</arg>
<doc>Selects options from selection list ``locator`` by ``values``.</doc>
<status status="PASS" start="2025-10-31T08:05:24.223651" elapsed="1.167244"/>
</kw>
<kw name="Click Element" owner="SeleniumLibrary">
<msg time="2025-10-31T08:05:25.395023" level="INFO">Clicking element 'id=motivo_opt'.</msg>
<arg>${MOTIVO_DENUNCIA}</arg>
<doc>Click the element identified by ``locator``.</doc>
<status status="PASS" start="2025-10-31T08:05:25.392258" elapsed="0.423282"/>
</kw>
<kw name="Sleep" owner="BuiltIn">
<msg time="2025-10-31T08:05:26.319246" level="INFO">Slept 500 milliseconds.</msg>
<arg>0.5s</arg>
<doc>Pauses the test executed for the given time.</doc>
<status status="PASS" start="2025-10-31T08:05:25.816661" elapsed="0.504736"/>
</kw>
<kw name="Select From List By Value" owner="SeleniumLibrary">
<msg time="2025-10-31T08:05:26.326148" level="INFO">Selecting options from selection list 'id=motivo_opt' by value Postagens que não se relacionam com os tópicos do fórum..</msg>
<arg>${MOTIVO_DENUNCIA}</arg>
<arg>Postagens que não se relacionam com os tópicos do fórum.</arg>
<doc>Selects options from selection list ``locator`` by ``values``.</doc>
<status status="PASS" start="2025-10-31T08:05:26.322991" elapsed="1.261697"/>
</kw>
<kw name="Click Button" owner="SeleniumLibrary">
<msg time="2025-10-31T08:05:27.588487" level="INFO">Clicking button 'id=btn-enviar-denuncia'.</msg>
<arg>${BOTAO_ENVIAR_DENUNCIA}</arg>
<doc>Clicks the button identified by ``locator``.</doc>
<status status="PASS" start="2025-10-31T08:05:27.586078" elapsed="1.406356"/>
</kw>
<kw name="Sleep" owner="BuiltIn">
<msg time="2025-10-31T08:05:29.995993" level="INFO">Slept 1 second.</msg>
<arg>1s</arg>
<doc>Pauses the test executed for the given time.</doc>
<status status="PASS" start="2025-10-31T08:05:28.993833" elapsed="1.004819"/>
</kw>
<kw name="Click Button" owner="SeleniumLibrary">
<msg time="2025-10-31T08:05:30.004619" level="INFO">Clicking button 'Confirmar'.</msg>
<arg>Confirmar</arg>
<doc>Clicks the button identified by ``locator``.</doc>
<status status="PASS" start="2025-10-31T08:05:30.000796" elapsed="0.558467"/>
</kw>
<kw name="Sleep" owner="BuiltIn">
<msg time="2025-10-31T08:05:31.563894" level="INFO">Slept 1 second.</msg>
<arg>1s</arg>
<doc>Pauses the test executed for the given time.</doc>
<status status="PASS" start="2025-10-31T08:05:30.561399" elapsed="1.005646"/>
</kw>
<kw name="Click Button" owner="SeleniumLibrary">
<msg time="2025-10-31T08:05:31.571439" level="INFO">Clicking button 'OK'.</msg>
<arg>OK</arg>
<doc>Clicks the button identified by ``locator``.</doc>
<status status="PASS" start="2025-10-31T08:05:31.568557" elapsed="0.770037"/>
</kw>
<doc>Clica na foto de perfil do usuário, clica no botão de denunciar e preenche o formulário de denuncia</doc>
<status status="PASS" start="2025-10-31T08:05:22.818884" elapsed="9.520797"/>
</kw>
<kw name="Verificar Denuncia" owner="keywords">
<kw name="Page Should Contain" owner="SeleniumLibrary">
<msg time="2025-10-31T08:05:32.665728" level="INFO">Current page contains text 'Para você'.</msg>
<arg>Para você</arg>
<doc>Verifies that current page contains ``text``.</doc>
<status status="PASS" start="2025-10-31T08:05:32.345493" elapsed="0.321191"/>
</kw>
<doc>Verifica se a denuncia foi enviada com sucesso</doc>
<status status="PASS" start="2025-10-31T08:05:32.342489" elapsed="0.325994"/>
</kw>
<kw name="Fechar Browser" owner="keywords">
<kw name="Close Browser" owner="SeleniumLibrary">
<doc>Closes the current browser.</doc>
<status status="PASS" start="2025-10-31T08:05:32.674315" elapsed="2.606414"/>
</kw>
<doc>Fecha o navegador</doc>
<status status="PASS" start="2025-10-31T08:05:32.670618" elapsed="2.610533"/>
</kw>
<status status="PASS" start="2025-10-31T08:05:17.528266" elapsed="17.754034"/>
</test>
<status status="PASS" start="2025-10-31T08:05:17.227097" elapsed="18.073315"/>
</suite>
<status status="PASS" start="2025-10-31T08:05:17.206286" elapsed="18.140782"/>
</suite>
<status status="PASS" start="2025-10-31T08:05:17.166904" elapsed="18.211389"/>
</suite>
<status status="PASS" start="2025-10-31T08:05:17.138180" elapsed="18.269305"/>
</suite>
<status status="PASS" start="2025-10-31T08:05:17.105486" elapsed="18.335870"/>
</suite>
<status status="PASS" start="2025-10-31T08:05:17.087294" elapsed="18.385895"/>
</suite>
<status status="PASS" start="2025-10-31T08:05:17.028053" elapsed="18.458868"/>
</suite>
<statistics>
<total>
<stat pass="1" fail="0" skip="0">All Tests</stat>
</total>
<tag>
</tag>
<suite>
<stat name="DailyGreen-Project" id="s1" pass="1" fail="0" skip="0">DailyGreen-Project</stat>
<stat name="TESTS" id="s1-s1" pass="1" fail="0" skip="0">DailyGreen-Project.TESTS</stat>
<stat name="Robot" id="s1-s1-s1" pass="1" fail="0" skip="0">DailyGreen-Project.TESTS.Robot</stat>
<stat name="Tests Flavia" id="s1-s1-s1-s1" pass="1" fail="0" skip="0">DailyGreen-Project.TESTS.Robot.Tests Flavia</stat>
<stat name="denunciarUser" id="s1-s1-s1-s1-s1" pass="1" fail="0" skip="0">DailyGreen-Project.TESTS.Robot.Tests Flavia.denunciarUser</stat>
<stat name="Tests" id="s1-s1-s1-s1-s1-s1" pass="1" fail="0" skip="0">DailyGreen-Project.TESTS.Robot.Tests Flavia.denunciarUser.Tests</stat>
<stat name="denunciarUser" id="s1-s1-s1-s1-s1-s1-s1" pass="1" fail="0" skip="0">DailyGreen-Project.TESTS.Robot.Tests Flavia.denunciarUser.Tests.denunciarUser</stat>
</suite>
</statistics>
<errors>
</errors>
</robot>
